<?xml version="1.0" encoding="UTF-8"?>
<!-- Generated by org.testng.reporters.JUnitReportReporter -->
<testsuite hostname="DESKTOP-M932U75" failures="0" tests="1" name="com.raffolux.testcases.End_To_End_Testcases" time="1.333" errors="0" timestamp="2023-04-05T17:19:58 IST" skipped="0">
  <testcase classname="com.raffolux.testcases.End_To_End_Testcases" name="Mytest" time="1.333"/>
  <system-out/>
</testsuite> <!-- com.raffolux.testcases.End_To_End_Testcases -->
