<?xml version="1.0" encoding="UTF-8"?>
<!-- Generated by org.testng.reporters.JUnitReportReporter -->
<testsuite hostname="DESKTOP-M932U75" failures="0" tests="5" name="practice_Java_Generics.Run_Multiple_tests_Firefox" time="0.343" errors="0" timestamp="2023-04-12T16:40:28 IST" skipped="0">
  <testcase classname="practice_Java_Generics.Run_Multiple_tests_Firefox" name="Get_Charity_Text_Location" time="0.250"/>
  <system-out/>
  <testcase classname="practice_Java_Generics.Run_Multiple_tests_Firefox" name="Get_color_of_Raffolux_Logo" time="0.025"/>
  <system-out/>
  <testcase classname="practice_Java_Generics.Run_Multiple_tests_Firefox" name="Get_Raffolux_Logo_Font_Size" time="0.022"/>
  <system-out/>
  <testcase classname="practice_Java_Generics.Run_Multiple_tests_Firefox" name="Get_Size_Of_Sign_In_text" time="0.019"/>
  <system-out/>
  <testcase classname="practice_Java_Generics.Run_Multiple_tests_Firefox" name="Get_Join_Raffolux_Text" time="0.027"/>
  <system-out/>
</testsuite> <!-- practice_Java_Generics.Run_Multiple_tests_Firefox -->
