<?xml version="1.0" encoding="UTF-8"?>
<!-- Generated by org.testng.reporters.JUnitReportReporter -->
<testsuite hostname="DESKTOP-M932U75" failures="0" tests="2" name="practice_Java_Generics.Multiple_Test_Scripts" time="6.834" errors="0" timestamp="2023-03-29T15:29:43 IST" skipped="0">
  <testcase classname="practice_Java_Generics.Multiple_Test_Scripts" name="testScript1" time="5.476"/>
  <system-out/>
  <testcase classname="practice_Java_Generics.Multiple_Test_Scripts" name="testScript2" time="1.358"/>
  <system-out/>
</testsuite> <!-- practice_Java_Generics.Multiple_Test_Scripts -->
