<?xml version="1.0" encoding="UTF-8"?>
<!-- Generated by org.testng.reporters.JUnitReportReporter -->
<testsuite hostname="DESKTOP-M932U75" failures="0" tests="16" name="com.raffolux.testcases.News_And_Blog_Page_Test" time="105.377" errors="0" timestamp="2023-03-13T15:12:31 IST" skipped="0">
  <testcase classname="com.raffolux.testcases.News_And_Blog_Page_Test" name="Verify_NavigationTo_News_And_Blog_Page" time="15.382"/>
  <system-out/>
  <testcase classname="com.raffolux.testcases.News_And_Blog_Page_Test" name="Verify_Blogs_And_News_Title_Text" time="5.161"/>
  <system-out/>
  <testcase classname="com.raffolux.testcases.News_And_Blog_Page_Test" name="Verify_Catch_Up_On_The_Latest_News_And_Articles_Text" time="10.246"/>
  <system-out/>
  <testcase classname="com.raffolux.testcases.News_And_Blog_Page_Test" name="Verify_The__News_And_Articles_List_Body" time="4.394"/>
  <system-out/>
  <testcase classname="com.raffolux.testcases.News_And_Blog_Page_Test" name="Verify_One_Of_The_Blog_Post_Cards" time="3.775"/>
  <system-out/>
  <testcase classname="com.raffolux.testcases.News_And_Blog_Page_Test" name="Verify_Image_Of_One_Of_The_Blog_Post_Cards" time="3.728"/>
  <system-out/>
  <testcase classname="com.raffolux.testcases.News_And_Blog_Page_Test" name="Clickon_Image_Of_One_Of_The_Blog_Post_Cards" time="11.917"/>
  <system-out/>
  <testcase classname="com.raffolux.testcases.News_And_Blog_Page_Test" name="Verify_Title_Of_One_Of_The_Blog_Post_Cards" time="3.988"/>
  <system-out/>
  <testcase classname="com.raffolux.testcases.News_And_Blog_Page_Test" name="Verify_Date_Of_One_Of_The_Blog_Post_Cards_" time="3.902"/>
  <system-out/>
  <testcase classname="com.raffolux.testcases.News_And_Blog_Page_Test" name="Verify_Have_You_Seen_The_Latest_Raffle_Text_Of_One_Of_The_Blog_Post_Cards_" time="3.911"/>
  <system-out/>
  <testcase classname="com.raffolux.testcases.News_And_Blog_Page_Test" name="Mouse_HovOver_Read_More_Link_Of_One_Of_The_Blog_Post_Cards_" time="4.236"/>
  <system-out/>
  <testcase classname="com.raffolux.testcases.News_And_Blog_Page_Test" name="Verify_Read_More_Link_Of_One_Of_The_Blog_Post_Cards_" time="3.773"/>
  <system-out/>
  <testcase classname="com.raffolux.testcases.News_And_Blog_Page_Test" name="Clickon_Read_More_Link_Of_One_Of_The_Blog_Post_Cards_" time="11.838"/>
  <system-out/>
  <testcase classname="com.raffolux.testcases.News_And_Blog_Page_Test" name="Verify_Forward_Arrow_Of_Read_More_Link_Of_One_Of_The_Blog_Post_Cards_" time="4.002"/>
  <system-out/>
  <testcase classname="com.raffolux.testcases.News_And_Blog_Page_Test" name="Clickon_Forward_Arrow_Of_Read_More_Link_Of_One_Of_The_Blog_Post_Cards_" time="11.198"/>
  <system-out/>
  <testcase classname="com.raffolux.testcases.News_And_Blog_Page_Test" name="Mouse_HovOver_Forward_Arrow_Of_Read_More_Link_Of_One_Of_The_Blog_Post_Cards_" time="3.926"/>
  <system-out/>
</testsuite> <!-- com.raffolux.testcases.News_And_Blog_Page_Test -->
