<?xml version="1.0" encoding="UTF-8"?>
<!-- Generated by org.testng.reporters.JUnitReportReporter -->
<testsuite hostname="DESKTOP-M932U75" failures="0" tests="33" name="com.raffolux.testcases.PaymentPageTest" time="993.191" errors="0" timestamp="2023-04-04T17:36:41 IST" skipped="5">
  <testcase classname="com.raffolux.testcases.PaymentPageTest" name="VerifyPaymentPageUrl" time="32.266"/>
  <system-out/>
  <testcase classname="com.raffolux.testcases.PaymentPageTest" name="Verify_GooglePayPaymentOption" time="33.080"/>
  <system-out/>
  <testcase classname="com.raffolux.testcases.PaymentPageTest" name="Verify_VivaWallet_Source_Logo" time="33.792"/>
  <system-out/>
  <testcase classname="com.raffolux.testcases.PaymentPageTest" name="Verify_VivaWallet_Logo_Wrapper_Text" time="37.969"/>
  <system-out/>
  <testcase classname="com.raffolux.testcases.PaymentPageTest" name="Verify_Language_Dropdown_Button" time="33.496"/>
  <system-out/>
  <testcase classname="com.raffolux.testcases.PaymentPageTest" name="Verify_By_Clicking_Language_Dropdown_Button" time="34.027"/>
  <system-out/>
  <testcase classname="com.raffolux.testcases.PaymentPageTest" name="Verify_BySelectEnglishLanguageOptionFromTheDropdown" time="33.026"/>
  <system-out/>
  <testcase classname="com.raffolux.testcases.PaymentPageTest" name="Verify_BySelectDutchLanguageOptionFromTheDropdown" time="33.029"/>
  <system-out/>
  <testcase classname="com.raffolux.testcases.PaymentPageTest" name="Verify_MarchentNameText" time="35.121"/>
  <system-out/>
  <testcase classname="com.raffolux.testcases.PaymentPageTest" name="Verify_Non_EditableAmmountInfoText" time="36.844"/>
  <system-out/>
  <testcase classname="com.raffolux.testcases.PaymentPageTest" name="Verify_Selected_TicketsList_Text" time="37.963"/>
  <system-out/>
  <testcase classname="com.raffolux.testcases.PaymentPageTest" name="Verify_Currency_Symbol" time="34.604"/>
  <system-out/>
  <testcase classname="com.raffolux.testcases.PaymentPageTest" name="Verify_Formatted_Amount_Of_Selected_Tickets" time="33.533"/>
  <system-out/>
  <testcase classname="com.raffolux.testcases.PaymentPageTest" name="Verify_PaymentCodeText" time="33.616"/>
  <system-out/>
  <testcase classname="com.raffolux.testcases.PaymentPageTest" name="Verify_GeneratedPaymentCode" time="34.534"/>
  <system-out/>
  <testcase classname="com.raffolux.testcases.PaymentPageTest" name="Verify_PaymentCodeExpiryText" time="38.518"/>
  <system-out/>
  <testcase classname="com.raffolux.testcases.PaymentPageTest" name="Verify_PaymentCodeExpiryDate" time="36.313"/>
  <system-out/>
  <testcase classname="com.raffolux.testcases.PaymentPageTest" name="Verify_PoweredByLogo_WrapperText" time="33.334"/>
  <system-out/>
  <testcase classname="com.raffolux.testcases.PaymentPageTest" name="Verify_Viva_WalletLogo_WrapperText" time="33.130"/>
  <system-out/>
  <testcase classname="com.raffolux.testcases.PaymentPageTest" name="Verify_Viva_WalletLogo_Symbol" time="41.100"/>
  <system-out/>
  <testcase classname="com.raffolux.testcases.PaymentPageTest" name="Verify_GooglePayPaymentOption_Button" time="34.548"/>
  <system-out/>
  <testcase classname="com.raffolux.testcases.PaymentPageTest" name="Verify_Saved_Cards_Toggle" time="37.023"/>
  <system-out/>
  <testcase classname="com.raffolux.testcases.PaymentPageTest" name="Verify_By_Clicking_Saved_Cards_Toggle" time="38.142"/>
  <system-out/>
  <testcase classname="com.raffolux.testcases.PaymentPageTest" name="Verify_Other_Cards_Toggle" time="40.601"/>
  <system-out/>
  <testcase classname="com.raffolux.testcases.PaymentPageTest" name="Verify_By_Clicking_Other_Cards_Toggle" time="42.244"/>
  <system-out/>
  <testcase classname="com.raffolux.testcases.PaymentPageTest" name="Verify_EmailAddress_TextField" time="30.060"/>
  <system-out/>
  <testcase classname="com.raffolux.testcases.PaymentPageTest" name="Verify_By_Clicking_EmailAddress_TextField" time="37.828"/>
  <system-out/>
  <testcase classname="com.raffolux.testcases.PaymentPageTest" name="Verify_EmailAddress_LableText" time="33.450"/>
  <system-out/>
  <testcase classname="com.raffolux.testcases.PaymentPageTest" name="Verify_By_Clicking_GooglePayPaymentOption">
    <skipped/>
  </testcase> <!-- Verify_By_Clicking_GooglePayPaymentOption -->
  <system-out/>
  <testcase classname="com.raffolux.testcases.PaymentPageTest" name="Verify_By_Clicking_GooglePayPaymentOption_Button">
    <skipped/>
  </testcase> <!-- Verify_By_Clicking_GooglePayPaymentOption_Button -->
  <system-out/>
  <testcase classname="com.raffolux.testcases.PaymentPageTest" name="Verify_By_entering_InvalidInputTo_CardNumber_TextField">
    <skipped/>
  </testcase> <!-- Verify_By_entering_InvalidInputTo_CardNumber_TextField -->
  <system-out/>
  <testcase classname="com.raffolux.testcases.PaymentPageTest" name="Verify_By_Entering_ValidInputToCardHolderName_TextField">
    <skipped/>
  </testcase> <!-- Verify_By_Entering_ValidInputToCardHolderName_TextField -->
  <system-out/>
  <testcase classname="com.raffolux.testcases.PaymentPageTest" name="Verify_Payment_By_Using_CardDetails">
    <skipped/>
  </testcase> <!-- Verify_Payment_By_Using_CardDetails -->
  <system-out/>
</testsuite> <!-- com.raffolux.testcases.PaymentPageTest -->
