<?xml version="1.0" encoding="UTF-8"?>
<!-- Generated by org.testng.reporters.JUnitReportReporter -->
<testsuite hostname="DESKTOP-M932U75" failures="0" tests="1" name="com.raffolux.pages.Get_Attributes" time="66.393" errors="0" timestamp="2023-01-10T11:18:25 IST" skipped="0">
  <testcase classname="com.raffolux.pages.Get_Attributes" name="Get_AttributeValue" time="66.393"/>
  <system-out/>
</testsuite> <!-- com.raffolux.pages.Get_Attributes -->
