<?xml version="1.0" encoding="UTF-8"?>
<!-- Generated by org.testng.reporters.JUnitReportReporter -->
<testsuite hostname="DESKTOP-M932U75" failures="0" tests="1" name="com.raffolux.testcases.End_2_End_Testcases" time="56.256" errors="0" timestamp="2023-02-23T11:39:56 IST" skipped="0">
  <testcase classname="com.raffolux.testcases.End_2_End_Testcases" name="Ensure_the_user_can_sign_up_to_the_website" time="56.256"/>
  <system-out/>
</testsuite> <!-- com.raffolux.testcases.End_2_End_Testcases -->
