<?xml version="1.0" encoding="UTF-8"?>
<!-- Generated by org.testng.reporters.JUnitReportReporter -->
<testsuite hostname="DESKTOP-M932U75" failures="0" tests="1" name="com.raffolux.testcases.Instant_Raffle_Pagination_Test" time="395.120" errors="0" timestamp="2023-01-06T16:12:13 IST" skipped="0">
  <testcase classname="com.raffolux.testcases.Instant_Raffle_Pagination_Test" name="Click_on_Pagination_Next_Button" time="395.120"/>
  <system-out/>
</testsuite> <!-- com.raffolux.testcases.Instant_Raffle_Pagination_Test -->
