<?xml version="1.0" encoding="UTF-8"?>
<!-- Generated by org.testng.reporters.JUnitReportReporter -->
<testsuite hostname="DESKTOP-M932U75" failures="0" tests="1" name="com.raffolux.testcases.HomePageTest" time="44.856" errors="0" timestamp="2022-11-06T18:17:44 IST" skipped="0">
  <testcase classname="com.raffolux.testcases.HomePageTest" name="ClickonEnterNowBtn" time="44.856"/>
  <system-out/>
</testsuite> <!-- com.raffolux.testcases.HomePageTest -->
