<?xml version="1.0" encoding="UTF-8"?>
<!-- Generated by org.testng.reporters.JUnitReportReporter -->
<testsuite hostname="DESKTOP-M932U75" failures="0" tests="1" name="practice_Java_Generics.CustomizeExtentReport" time="2.173" errors="0" timestamp="2022-12-10T22:12:07 IST" skipped="0">
  <testcase classname="practice_Java_Generics.CustomizeExtentReport" name="CreateTest" time="2.173"/>
  <system-out/>
</testsuite> <!-- practice_Java_Generics.CustomizeExtentReport -->
