<?xml version="1.0" encoding="UTF-8"?>
<!-- Generated by org.testng.reporters.JUnitReportReporter -->
<testsuite hostname="DESKTOP-M932U75" failures="0" tests="1" name="practice_Java_Generics.Api_testing" time="5.677" errors="0" timestamp="2023-04-27T15:13:53 IST" skipped="0">
  <testcase classname="practice_Java_Generics.Api_testing" name="testResponseCode" time="5.677"/>
  <system-out/>
</testsuite> <!-- practice_Java_Generics.Api_testing -->
