<?xml version="1.0" encoding="UTF-8"?>
<!-- Generated by org.testng.reporters.JUnitReportReporter -->
<testsuite hostname="DESKTOP-M932U75" failures="0" tests="1" name="com.raffolux.testcases.Intant_Raffle_Page" time="10.599" errors="0" timestamp="2023-03-10T13:36:05 IST" skipped="0">
  <testcase classname="com.raffolux.testcases.Intant_Raffle_Page" name="Navigate_To_Instant_Raffle_Page" time="10.599"/>
  <system-out/>
</testsuite> <!-- com.raffolux.testcases.Intant_Raffle_Page -->
