<?xml version="1.0" encoding="UTF-8"?>
<!-- Generated by org.testng.reporters.JUnitReportReporter -->
<testsuite hostname="DESKTOP-M932U75" failures="0" tests="1" name="practice_code.SignIn_Page_Test" time="17.100" errors="0" timestamp="2023-01-12T16:05:06 IST" skipped="0">
  <testcase classname="practice_code.SignIn_Page_Test" name="SignIn_Test" time="17.100"/>
  <system-out/>
</testsuite> <!-- practice_code.SignIn_Page_Test -->
